<?xml version="1.0" encoding="UTF-8"?>
<testsuite xmlns:xsi="http://www.w3.org/2001/XMLSchema-instance" xsi:noNamespaceSchemaLocation="https://maven.apache.org/surefire/maven-surefire-plugin/xsd/surefire-test-report.xsd" name="jUnitTests.ParameterizedTests" time="0.146" tests="39" errors="0" skipped="0" failures="0">
  <properties>
    <property name="java.specification.version" value="16"/>
    <property name="sun.cpu.isalist" value="amd64"/>
    <property name="sun.jnu.encoding" value="Cp1252"/>
    <property name="java.class.path" value="D:\Program Files\IntelliJ Projects\jUnitPrac\target\test-classes;D:\Program Files\IntelliJ Projects\jUnitPrac\target\classes;C:\Users\xboxb\.m2\repository\org\junit\jupiter\junit-jupiter\5.9.0-M1\junit-jupiter-5.9.0-M1.jar;C:\Users\xboxb\.m2\repository\org\junit\jupiter\junit-jupiter-api\5.9.0-M1\junit-jupiter-api-5.9.0-M1.jar;C:\Users\xboxb\.m2\repository\org\opentest4j\opentest4j\1.2.0\opentest4j-1.2.0.jar;C:\Users\xboxb\.m2\repository\org\junit\platform\junit-platform-commons\1.9.0-M1\junit-platform-commons-1.9.0-M1.jar;C:\Users\xboxb\.m2\repository\org\apiguardian\apiguardian-api\1.1.2\apiguardian-api-1.1.2.jar;C:\Users\xboxb\.m2\repository\org\junit\jupiter\junit-jupiter-params\5.9.0-M1\junit-jupiter-params-5.9.0-M1.jar;C:\Users\xboxb\.m2\repository\org\junit\jupiter\junit-jupiter-engine\5.9.0-M1\junit-jupiter-engine-5.9.0-M1.jar;C:\Users\xboxb\.m2\repository\org\junit\platform\junit-platform-engine\1.9.0-M1\junit-platform-engine-1.9.0-M1.jar;"/>
    <property name="java.vm.vendor" value="Oracle Corporation"/>
    <property name="sun.arch.data.model" value="64"/>
    <property name="user.variant" value=""/>
    <property name="java.vendor.url" value="https://java.oracle.com/"/>
    <property name="user.timezone" value="Africa/Johannesburg"/>
    <property name="os.name" value="Windows 10"/>
    <property name="java.vm.specification.version" value="16"/>
    <property name="sun.java.launcher" value="SUN_STANDARD"/>
    <property name="user.country" value="ZA"/>
    <property name="sun.boot.library.path" value="C:\Program Files\Java\jdk-16.0.2\bin"/>
    <property name="sun.java.command" value="C:\Users\xboxb\AppData\Local\Temp\surefire4355603822767160464\surefirebooter8816897296377016495.jar C:\Users\xboxb\AppData\Local\Temp\surefire4355603822767160464 2022-06-21T14-52-57_029-jvmRun1 surefire14089768285706501434tmp surefire_05438159198086260756tmp"/>
    <property name="jdk.debug" value="release"/>
    <property name="surefire.test.class.path" value="D:\Program Files\IntelliJ Projects\jUnitPrac\target\test-classes;D:\Program Files\IntelliJ Projects\jUnitPrac\target\classes;C:\Users\xboxb\.m2\repository\org\junit\jupiter\junit-jupiter\5.9.0-M1\junit-jupiter-5.9.0-M1.jar;C:\Users\xboxb\.m2\repository\org\junit\jupiter\junit-jupiter-api\5.9.0-M1\junit-jupiter-api-5.9.0-M1.jar;C:\Users\xboxb\.m2\repository\org\opentest4j\opentest4j\1.2.0\opentest4j-1.2.0.jar;C:\Users\xboxb\.m2\repository\org\junit\platform\junit-platform-commons\1.9.0-M1\junit-platform-commons-1.9.0-M1.jar;C:\Users\xboxb\.m2\repository\org\apiguardian\apiguardian-api\1.1.2\apiguardian-api-1.1.2.jar;C:\Users\xboxb\.m2\repository\org\junit\jupiter\junit-jupiter-params\5.9.0-M1\junit-jupiter-params-5.9.0-M1.jar;C:\Users\xboxb\.m2\repository\org\junit\jupiter\junit-jupiter-engine\5.9.0-M1\junit-jupiter-engine-5.9.0-M1.jar;C:\Users\xboxb\.m2\repository\org\junit\platform\junit-platform-engine\1.9.0-M1\junit-platform-engine-1.9.0-M1.jar;"/>
    <property name="sun.cpu.endian" value="little"/>
    <property name="user.home" value="C:\Users\xboxb"/>
    <property name="user.language" value="en"/>
    <property name="java.specification.vendor" value="Oracle Corporation"/>
    <property name="java.version.date" value="2021-07-20"/>
    <property name="java.home" value="C:\Program Files\Java\jdk-16.0.2"/>
    <property name="file.separator" value="\"/>
    <property name="basedir" value="D:\Program Files\IntelliJ Projects\jUnitPrac"/>
    <property name="java.vm.compressedOopsMode" value="Zero based"/>
    <property name="line.separator" value="&#10;"/>
    <property name="java.vm.specification.vendor" value="Oracle Corporation"/>
    <property name="java.specification.name" value="Java Platform API Specification"/>
    <property name="surefire.real.class.path" value="C:\Users\xboxb\AppData\Local\Temp\surefire4355603822767160464\surefirebooter8816897296377016495.jar"/>
    <property name="user.script" value=""/>
    <property name="sun.management.compiler" value="HotSpot 64-Bit Tiered Compilers"/>
    <property name="java.runtime.version" value="16.0.2+7-67"/>
    <property name="user.name" value="xboxb"/>
    <property name="path.separator" value=";"/>
    <property name="os.version" value="10.0"/>
    <property name="java.runtime.name" value="Java(TM) SE Runtime Environment"/>
    <property name="file.encoding" value="Cp1252"/>
    <property name="java.vm.name" value="Java HotSpot(TM) 64-Bit Server VM"/>
    <property name="localRepository" value="C:\Users\xboxb\.m2\repository"/>
    <property name="java.vendor.url.bug" value="https://bugreport.java.com/bugreport/"/>
    <property name="java.io.tmpdir" value="C:\Users\xboxb\AppData\Local\Temp\"/>
    <property name="idea.version" value="2022.1.2"/>
    <property name="java.version" value="16.0.2"/>
    <property name="user.dir" value="D:\Program Files\IntelliJ Projects\jUnitPrac"/>
    <property name="os.arch" value="amd64"/>
    <property name="java.vm.specification.name" value="Java Virtual Machine Specification"/>
    <property name="sun.os.patch.level" value=""/>
    <property name="java.library.path" value="C:\Program Files\Java\jdk-16.0.2\bin;C:\WINDOWS\Sun\Java\bin;C:\WINDOWS\system32;C:\WINDOWS;C:\Program Files\Common Files\Oracle\Java\javapath;C:\Windows\system32;C:\Windows;C:\Windows\System32\Wbem;C:\Windows\System32\WindowsPowerShell\v1.0\;C:\Windows\System32\OpenSSH\;C:\Program Files\dotnet\;C:\ProgramData\chocolatey\bin;C:\Program Files\Microsoft SQL Server\150\Tools\Binn\;C:\Program Files\Microsoft SQL Server\Client SDK\ODBC\170\Tools\Binn\;D:\Program Files\Java\jdk 11\bin;C:\Program Files\Java\jdk1.8.0_211\bin;D:\Program Files\Git\cmd;C:\WINDOWS\system32;C:\WINDOWS;C:\WINDOWS\System32\Wbem;C:\WINDOWS\System32\WindowsPowerShell\v1.0\;C:\WINDOWS\System32\OpenSSH\;C:\Users\xboxb\AppData\Local\Microsoft\WindowsApps;C:\Users\xboxb\.dotnet\tools;D:\Program Files (86x)\Microsoft VS Code\bin;D:\Program Files\Java\jdk 11\bin;;."/>
    <property name="java.vm.info" value="mixed mode, sharing"/>
    <property name="java.vendor" value="Oracle Corporation"/>
    <property name="java.vm.version" value="16.0.2+7-67"/>
    <property name="sun.io.unicode.encoding" value="UnicodeLittle"/>
    <property name="java.class.version" value="60.0"/>
  </properties>
  <testcase name="methodSource_StringDoubleList{String, double}[1]" classname="jUnitTests.ParameterizedTests" time="0.029"/>
  <testcase name="methodSource_StringDoubleList{String, double}[2]" classname="jUnitTests.ParameterizedTests" time="0"/>
  <testcase name="methodSource_String{String}[1]" classname="jUnitTests.ParameterizedTests" time="0"/>
  <testcase name="methodSource_String{String}[2]" classname="jUnitTests.ParameterizedTests" time="0"/>
  <testcase name="methodSource_String{String}[3]" classname="jUnitTests.ParameterizedTests" time="0"/>
  <testcase name="methodSource_StringStream{String}[1]" classname="jUnitTests.ParameterizedTests" time="0"/>
  <testcase name="methodSource_StringStream{String}[2]" classname="jUnitTests.ParameterizedTests" time="0"/>
  <testcase name="methodSource_StringStream{String}[3]" classname="jUnitTests.ParameterizedTests" time="0"/>
  <testcase name="methodSource_StringDoubleStream{String, double}[1]" classname="jUnitTests.ParameterizedTests" time="0"/>
  <testcase name="methodSource_StringDoubleStream{String, double}[2]" classname="jUnitTests.ParameterizedTests" time="0"/>
  <testcase name="csvFileSource_StringDoubleIntStringString{String, double, int, String, String}[1]" classname="jUnitTests.ParameterizedTests" time="0.008"/>
  <testcase name="csvFileSource_StringDoubleIntStringString{String, double, int, String, String}[2]" classname="jUnitTests.ParameterizedTests" time="0"/>
  <testcase name="csvFileSource_StringDoubleIntStringString{String, double, int, String, String}[3]" classname="jUnitTests.ParameterizedTests" time="0.001"/>
  <testcase name="csvFileSource_StringDoubleIntStringString{String, double, int, String, String}[4]" classname="jUnitTests.ParameterizedTests" time="0.001"/>
  <testcase name="csvFileSource_StringDoubleIntStringString{String, double, int, String, String}[5]" classname="jUnitTests.ParameterizedTests" time="0.001"/>
  <testcase name="csvFileSource_StringDoubleIntStringString{String, double, int, String, String}[6]" classname="jUnitTests.ParameterizedTests" time="0"/>
  <testcase name="csvFileSource_StringDoubleIntStringString{String, double, int, String, String}[7]" classname="jUnitTests.ParameterizedTests" time="0"/>
  <testcase name="csvFileSource_StringDoubleIntStringString{String, double, int, String, String}[8]" classname="jUnitTests.ParameterizedTests" time="0.001"/>
  <testcase name="csvSource_StringIntBoolean{String, int, boolean}[1]" classname="jUnitTests.ParameterizedTests" time="0.003"/>
  <testcase name="csvSource_StringIntBoolean{String, int, boolean}[2]" classname="jUnitTests.ParameterizedTests" time="0"/>
  <testcase name="csvSource_StringIntBoolean{String, int, boolean}[3]" classname="jUnitTests.ParameterizedTests" time="0"/>
  <testcase name="csvSource_CustomDelimiter{String, String}[1]" classname="jUnitTests.ParameterizedTests" time="0.001"/>
  <testcase name="csvSource_CustomDelimiter{String, String}[2]" classname="jUnitTests.ParameterizedTests" time="0"/>
  <testcase name="intValues{int}[1]" classname="jUnitTests.ParameterizedTests" time="0.001"/>
  <testcase name="intValues{int}[2]" classname="jUnitTests.ParameterizedTests" time="0"/>
  <testcase name="intValues{int}[3]" classname="jUnitTests.ParameterizedTests" time="0"/>
  <testcase name="stringValues{String}[1]" classname="jUnitTests.ParameterizedTests" time="0.001"/>
  <testcase name="stringValues{String}[2]" classname="jUnitTests.ParameterizedTests" time="0.001"/>
  <testcase name="stringValues{String}[3]" classname="jUnitTests.ParameterizedTests" time="0"/>
  <testcase name="stringValues{String}[4]" classname="jUnitTests.ParameterizedTests" time="0.001"/>
  <testcase name="csvSource_StringString{String, String}[1]" classname="jUnitTests.ParameterizedTests" time="0.001"/>
  <testcase name="csvSource_StringString{String, String}[2]" classname="jUnitTests.ParameterizedTests" time="0"/>
  <testcase name="csvSource_StringString{String, String}[3]" classname="jUnitTests.ParameterizedTests" time="0"/>
  <testcase name="csvSource_StringWithComma{String, String}[1]" classname="jUnitTests.ParameterizedTests" time="0.001"/>
  <testcase name="csvSource_StringWithComma{String, String}[2]" classname="jUnitTests.ParameterizedTests" time="0"/>
  <testcase name="csvFileSource_StringDoubleIntStringStringCustomDelimiter{String, double, int, String, String}[1]" classname="jUnitTests.ParameterizedTests" time="0.001"/>
  <testcase name="csvFileSource_StringDoubleIntStringStringCustomDelimiter{String, double, int, String, String}[2]" classname="jUnitTests.ParameterizedTests" time="0.001"/>
  <testcase name="csvFileSource_StringDoubleIntStringStringCustomDelimiter{String, double, int, String, String}[3]" classname="jUnitTests.ParameterizedTests" time="0.001"/>
  <testcase name="csvFileSource_StringDoubleIntStringStringCustomDelimiter{String, double, int, String, String}[4]" classname="jUnitTests.ParameterizedTests" time="0.001"/>
</testsuite>